<?xml version="1.0" encoding="UTF-8" ?>
<testsuite failures="0" time="0.018" errors="0" skipped="0" tests="1" name="com.soaandjoe.twittermav.AppTest">
  <properties>
    <property name="java.runtime.name" value="Java(TM) SE Runtime Environment"/>
    <property name="sun.boot.library.path" value="C:\software\Java\jdk1.6.0_45\jre\bin"/>
    <property name="java.vm.version" value="20.45-b01"/>
    <property name="java.vm.vendor" value="Sun Microsystems Inc."/>
    <property name="java.vendor.url" value="http://java.sun.com/"/>
    <property name="path.separator" value=";"/>
    <property name="java.vm.name" value="Java HotSpot(TM) Client VM"/>
    <property name="file.encoding.pkg" value="sun.io"/>
    <property name="user.country" value="ES"/>
    <property name="sun.java.launcher" value="SUN_STANDARD"/>
    <property name="sun.os.patch.level" value="Service Pack 1"/>
    <property name="java.vm.specification.name" value="Java Virtual Machine Specification"/>
    <property name="user.dir" value="C:\Des\temporal\PERSONAL\TwitterMav"/>
    <property name="java.runtime.version" value="1.6.0_45-b06"/>
    <property name="java.awt.graphicsenv" value="sun.awt.Win32GraphicsEnvironment"/>
    <property name="basedir" value="C:\Des\temporal\PERSONAL\TwitterMav"/>
    <property name="java.endorsed.dirs" value="C:\software\Java\jdk1.6.0_45\jre\lib\endorsed"/>
    <property name="os.arch" value="x86"/>
    <property name="surefire.real.class.path" value="C:\Users\jmol\AppData\Local\Temp\surefirebooter3011007440877530325.jar"/>
    <property name="java.io.tmpdir" value="C:\Users\jmol\AppData\Local\Temp\"/>
    <property name="line.separator" value="
"/>
    <property name="java.vm.specification.vendor" value="Sun Microsystems Inc."/>
    <property name="user.variant" value=""/>
    <property name="os.name" value="Windows 7"/>
    <property name="sun.jnu.encoding" value="Cp1252"/>
    <property name="java.library.path" value="C:\software\Java\jdk1.6.0_45\jre\bin;C:\Windows\Sun\Java\bin;C:\Windows\system32;C:\Windows;C:\software\Ingres\IngresII\ingres\bin;C:\software\Ingres\IngresII\ingres\utility;C:\Program Files\Dell\DW WLAN Card;;C:\Program Files (x86)\Intel\iCLS Client\;C:\Program Files\Intel\iCLS Client\;C:\Windows\system32;C:\Windows;C:\Windows\System32\Wbem;C:\Windows\System32\WindowsPowerShell\v1.0\;C:\Program Files\Intel\Intel(R) Management Engine Components\DAL;C:\Program Files\Intel\Intel(R) Management Engine Components\IPT;C:\Program Files (x86)\Intel\Intel(R) Management Engine Components\DAL;C:\Program Files (x86)\Intel\Intel(R) Management Engine Components\IPT;C:\Program Files (x86)\Security Innovation\SI TSS\bin\;C:\software\oracle\instantclient_11_2;C:\software\Subversion\bin;C:\software\TortoiseSVN\bin;C:\Program Files (x86)\Intel\OpenCL SDK\2.0\bin\x86;C:\Program Files (x86)\Intel\OpenCL SDK\2.0\bin\x64;."/>
    <property name="surefire.test.class.path" value="C:\Des\temporal\PERSONAL\TwitterMav\target\test-classes;C:\Des\temporal\PERSONAL\TwitterMav\target\classes;C:\Users\jmol\.m2\repository\junit\junit\3.8.1\junit-3.8.1.jar;C:\Users\jmol\.m2\repository\org\twitter4j\twitter4j-core\4.0.2\twitter4j-core-4.0.2.jar;"/>
    <property name="java.specification.name" value="Java Platform API Specification"/>
    <property name="java.class.version" value="50.0"/>
    <property name="sun.management.compiler" value="HotSpot Client Compiler"/>
    <property name="os.version" value="6.1"/>
    <property name="user.home" value="C:\Users\jmol"/>
    <property name="user.timezone" value=""/>
    <property name="java.awt.printerjob" value="sun.awt.windows.WPrinterJob"/>
    <property name="java.specification.version" value="1.6"/>
    <property name="file.encoding" value="Cp1252"/>
    <property name="user.name" value="jmol"/>
    <property name="java.class.path" value="C:\Des\temporal\PERSONAL\TwitterMav\target\test-classes;C:\Des\temporal\PERSONAL\TwitterMav\target\classes;C:\Users\jmol\.m2\repository\junit\junit\3.8.1\junit-3.8.1.jar;C:\Users\jmol\.m2\repository\org\twitter4j\twitter4j-core\4.0.2\twitter4j-core-4.0.2.jar;"/>
    <property name="java.vm.specification.version" value="1.0"/>
    <property name="sun.arch.data.model" value="32"/>
    <property name="java.home" value="C:\software\Java\jdk1.6.0_45\jre"/>
    <property name="sun.java.command" value="C:\Users\jmol\AppData\Local\Temp\surefirebooter3011007440877530325.jar C:\Users\jmol\AppData\Local\Temp\surefire1718959796903649539tmp C:\Users\jmol\AppData\Local\Temp\surefire3598621163178274165tmp"/>
    <property name="java.specification.vendor" value="Sun Microsystems Inc."/>
    <property name="user.language" value="es"/>
    <property name="awt.toolkit" value="sun.awt.windows.WToolkit"/>
    <property name="java.vm.info" value="mixed mode, sharing"/>
    <property name="java.version" value="1.6.0_45"/>
    <property name="java.ext.dirs" value="C:\software\Java\jdk1.6.0_45\jre\lib\ext;C:\Windows\Sun\Java\lib\ext"/>
    <property name="sun.boot.class.path" value="C:\software\Java\jdk1.6.0_45\jre\lib\resources.jar;C:\software\Java\jdk1.6.0_45\jre\lib\rt.jar;C:\software\Java\jdk1.6.0_45\jre\lib\sunrsasign.jar;C:\software\Java\jdk1.6.0_45\jre\lib\jsse.jar;C:\software\Java\jdk1.6.0_45\jre\lib\jce.jar;C:\software\Java\jdk1.6.0_45\jre\lib\charsets.jar;C:\software\Java\jdk1.6.0_45\jre\lib\modules\jdk.boot.jar;C:\software\Java\jdk1.6.0_45\jre\classes"/>
    <property name="java.vendor" value="Sun Microsystems Inc."/>
    <property name="localRepository" value="C:\Users\jmol\.m2\repository"/>
    <property name="file.separator" value="\"/>
    <property name="java.vendor.url.bug" value="http://java.sun.com/cgi-bin/bugreport.cgi"/>
    <property name="sun.cpu.endian" value="little"/>
    <property name="sun.io.unicode.encoding" value="UnicodeLittle"/>
    <property name="sun.desktop" value="windows"/>
    <property name="sun.cpu.isalist" value="pentium_pro+mmx pentium_pro pentium+mmx pentium i486 i386 i86"/>
  </properties>
  <testcase time="0.003" classname="com.soaandjoe.twittermav.AppTest" name="testApp"/>
</testsuite>